<?xml version="1.0" encoding="UTF-8"?>
<!-- Generated by org.testng.reporters.JUnitReportReporter -->
<testsuite skipped="0" hostname="LAPTOP-1J510GMI" name="com.amelia.test.admin.TestA" tests="1" failures="0" timestamp="2020-07-30T23:52:32 IST" time="22.987" errors="0">
  <testcase name="verifySearchFeature" time="22.987" classname="com.amelia.test.admin.TestA"/>
  <system-out/>
</testsuite> <!-- com.amelia.test.admin.TestA -->
