<?xml version="1.0" encoding="UTF-8"?>
<!-- Generated by org.testng.reporters.JUnitReportReporter -->
<testsuite skipped="0" hostname="LAPTOP-1J510GMI" name="com.amelia.test.flights.FlightAa" tests="1" failures="0" timestamp="2020-08-25T18:25:45 IST" time="8.033" errors="0">
  <testcase name="oneWayFlightSearch" time="8.033" classname="com.amelia.test.flights.FlightAa"/>
  <system-out/>
</testsuite> <!-- com.amelia.test.flights.FlightAa -->
