<?xml version="1.0" encoding="UTF-8"?>
<!-- Generated by org.testng.reporters.JUnitReportReporter -->
<testsuite skipped="0" hostname="LAPTOP-1J510GMI" name="com.amelia.test.flights.FlightA" tests="1" failures="0" timestamp="2020-08-10T01:07:18 IST" time="40.535" errors="0">
  <testcase name="verifySearchFeature" time="40.535" classname="com.amelia.test.flights.FlightA"/>
  <system-out/>
</testsuite> <!-- com.amelia.test.flights.FlightA -->
